#
# There is insufficient memory for the Java Runtime Environment to continue.
# Native memory allocation (mmap) failed to map 266338304 bytes for G1 virtual space
# Possible reasons:
#   The system is out of physical RAM or swap space
#   The process is running with CompressedOops enabled, and the Java Heap may be blocking the growth of the native heap
# Possible solutions:
#   Reduce memory load on the system
#   Increase physical memory or swap space
#   Check if swap backing store is full
#   Decrease Java heap size (-Xmx/-Xms)
#   Decrease number of Java threads
#   Decrease Java thread stack sizes (-Xss)
#   Set larger code cache with -XX:ReservedCodeCacheSize=
#   JVM is running with Zero Based Compressed Oops mode in which the Java heap is
#     placed in the first 32GB address space. The Java Heap base address is the
#     maximum limit for the native heap growth. Please use -XX:HeapBaseMinAddress
#     to set the Java Heap base and to place the Java Heap above 32GB virtual address.
# This output file may be truncated or incomplete.
#
#  Out of Memory Error (os_windows.cpp:3613), pid=18616, tid=4340
#
# JRE version:  (17.0.10+7) (build )
# Java VM: OpenJDK 64-Bit Server VM (17.0.10+7, mixed mode, emulated-client, sharing, tiered, compressed oops, compressed class ptrs, g1 gc, windows-amd64)
# No core dump will be written. Minidumps are not enabled by default on client versions of Windows
#

---------------  S U M M A R Y ------------

Command Line: -Dcom.sun.management.jmxremote -Dcom.sun.management.jmxremote.port=65046 -Dcom.sun.management.jmxremote.authenticate=false -Dcom.sun.management.jmxremote.ssl=false -Djava.rmi.server.hostname=localhost -Dspring.jmx.enabled=true -Dmanagement.endpoints.jmx.exposure.include=* -Dspring.application.admin.enabled=true -XX:TieredStopAtLevel=1 -Dspring.boot.project.name=group_ware -Dfile.encoding=UTF-8 -Dstdout.encoding=UTF-8 -Dstderr.encoding=UTF-8 -XX:+ShowCodeDetailsInExceptionMessages com.ware.spring.GroupWareApplication --spring.output.ansi.enabled=always

Host: Intel(R) Core(TM) i5-9500 CPU @ 3.00GHz, 6 cores, 15G,  Windows 11 , 64 bit Build 22621 (10.0.22621.3672)
Time: Wed Aug 14 16:26:56 2024  Windows 11 , 64 bit Build 22621 (10.0.22621.3672) elapsed time: 0.009458 seconds (0d 0h 0m 0s)

---------------  T H R E A D  ---------------

Current thread (0x00000205684eb720):  JavaThread "Unknown thread" [_thread_in_vm, id=4340, stack(0x000000a9f8c00000,0x000000a9f8d00000)]

Stack: [0x000000a9f8c00000,0x000000a9f8d00000]
Native frames: (J=compiled Java code, j=interpreted, Vv=VM code, C=native code)
V  [jvm.dll+0x67d2c9]
V  [jvm.dll+0x834afa]
V  [jvm.dll+0x8365be]
V  [jvm.dll+0x836c23]
V  [jvm.dll+0x2477ff]
V  [jvm.dll+0x67a109]
V  [jvm.dll+0x66eb7a]
V  [jvm.dll+0x30764b]
V  [jvm.dll+0x30eaf6]
V  [jvm.dll+0x35e83e]
V  [jvm.dll+0x35ea6f]
V  [jvm.dll+0x2de248]
V  [jvm.dll+0x2df1b4]
V  [jvm.dll+0x806361]
V  [jvm.dll+0x36c6f1]
V  [jvm.dll+0x7e4e06]
V  [jvm.dll+0x3eff3f]
V  [jvm.dll+0x3f1b71]
C  [jli.dll+0x528f]
C  [ucrtbase.dll+0x29333]
C  [KERNEL32.DLL+0x1257d]
C  [ntdll.dll+0x5af28]


---------------  P R O C E S S  ---------------

Threads class SMR info:
_java_thread_list=0x00007ffca6a6ee98, length=0, elements={
}

Java Threads: ( => current thread )

Other Threads:
  0x0000020568558750 GCTaskThread "GC Thread#0" [stack: 0x000000a9f8d00000,0x000000a9f8e00000] [id=16460]
  0x0000020568569330 ConcurrentGCThread "G1 Main Marker" [stack: 0x000000a9f8e00000,0x000000a9f8f00000] [id=22480]
  0x000002056856aba0 ConcurrentGCThread "G1 Conc#0" [stack: 0x000000a9f8f00000,0x000000a9f9000000] [id=1048]

[error occurred during error reporting (printing all threads), id 0xc0000005, EXCEPTION_ACCESS_VIOLATION (0xc0000005) at pc=0x00007ffca622ec87]

VM state: not at safepoint (not fully initialized)

VM Mutex/Monitor currently owned by a thread:  ([mutex/lock_event])
[0x00000205684e6dc0] Heap_lock - owner thread: 0x00000205684eb720

Heap address: 0x0000000702800000, size: 4056 MB, Compressed Oops mode: Zero based, Oop shift amount: 3

CDS archive(s) mapped at: [0x0000000000000000-0x0000000000000000-0x0000000000000000), size 0, SharedBaseAddress: 0x0000000800000000, ArchiveRelocationMode: 1.
Narrow klass base: 0x0000000000000000, Narrow klass shift: 0, Narrow klass range: 0x0

GC Precious Log:
<Empty>

Heap:
 garbage-first heap   total 0K, used 0K [0x0000000702800000, 0x0000000800000000)
  region size 2048K, 0 young (0K), 0 survivors (0K)

[error occurred during error reporting (printing heap information), id 0xc0000005, EXCEPTION_ACCESS_VIOLATION (0xc0000005) at pc=0x00007ffca6616fb9]

GC Heap History (0 events):
No events

Dll operation events (1 events):
Event: 0.006 Loaded shared library C:\Users\goodee\.p2\pool\plugins\org.eclipse.justj.openjdk.hotspot.jre.full.win32.x86_64_17.0.10.v20240120-1143\jre\bin\java.dll

Deoptimization events (0 events):
No events

Classes unloaded (0 events):
No events

Classes redefined (0 events):
No events

Internal exceptions (0 events):
No events

VM Operations (0 events):
No events

Events (0 events):
No events


Dynamic libraries:
0x00007ff6784f0000 - 0x00007ff6784fe000 	C:\Users\goodee\.p2\pool\plugins\org.eclipse.justj.openjdk.hotspot.jre.full.win32.x86_64_17.0.10.v20240120-1143\jre\bin\javaw.exe
0x00007ffd09230000 - 0x00007ffd09447000 	C:\Windows\SYSTEM32\ntdll.dll
0x00007ffd07b90000 - 0x00007ffd07c54000 	C:\Windows\System32\KERNEL32.DLL
0x00007ffd06bc0000 - 0x00007ffd06f6d000 	C:\Windows\System32\KERNELBASE.dll
0x00007ffd066b0000 - 0x00007ffd067c1000 	C:\Windows\System32\ucrtbase.dll
0x00007ffce1e00000 - 0x00007ffce1e17000 	C:\Users\goodee\.p2\pool\plugins\org.eclipse.justj.openjdk.hotspot.jre.full.win32.x86_64_17.0.10.v20240120-1143\jre\bin\jli.dll
0x00007ffccae70000 - 0x00007ffccae8b000 	C:\Users\goodee\.p2\pool\plugins\org.eclipse.justj.openjdk.hotspot.jre.full.win32.x86_64_17.0.10.v20240120-1143\jre\bin\VCRUNTIME140.dll
0x00007ffd08030000 - 0x00007ffd081de000 	C:\Windows\System32\USER32.dll
0x00007ffd06680000 - 0x00007ffd066a6000 	C:\Windows\System32\win32u.dll
0x00007ffd08000000 - 0x00007ffd08029000 	C:\Windows\System32\GDI32.dll
0x00007ffce6400000 - 0x00007ffce6693000 	C:\Windows\WinSxS\amd64_microsoft.windows.common-controls_6595b64144ccf1df_6.0.22621.3672_none_2713b9d173822955\COMCTL32.dll
0x00007ffd06560000 - 0x00007ffd06679000 	C:\Windows\System32\gdi32full.dll
0x00007ffd07e40000 - 0x00007ffd07ee7000 	C:\Windows\System32\msvcrt.dll
0x00007ffd068c0000 - 0x00007ffd0695a000 	C:\Windows\System32\msvcp_win.dll
0x00007ffd08c00000 - 0x00007ffd08c31000 	C:\Windows\System32\IMM32.DLL
0x00007ffce42b0000 - 0x00007ffce42bc000 	C:\Users\goodee\.p2\pool\plugins\org.eclipse.justj.openjdk.hotspot.jre.full.win32.x86_64_17.0.10.v20240120-1143\jre\bin\vcruntime140_1.dll
0x00007ffcb0070000 - 0x00007ffcb00fd000 	C:\Users\goodee\.p2\pool\plugins\org.eclipse.justj.openjdk.hotspot.jre.full.win32.x86_64_17.0.10.v20240120-1143\jre\bin\msvcp140.dll
0x00007ffca5f40000 - 0x00007ffca6ba2000 	C:\Users\goodee\.p2\pool\plugins\org.eclipse.justj.openjdk.hotspot.jre.full.win32.x86_64_17.0.10.v20240120-1143\jre\bin\server\jvm.dll
0x00007ffd07c60000 - 0x00007ffd07d12000 	C:\Windows\System32\ADVAPI32.dll
0x00007ffd07400000 - 0x00007ffd074a9000 	C:\Windows\System32\sechost.dll
0x00007ffd067d0000 - 0x00007ffd067f8000 	C:\Windows\System32\bcrypt.dll
0x00007ffd07130000 - 0x00007ffd07244000 	C:\Windows\System32\RPCRT4.dll
0x00007ffd06420000 - 0x00007ffd0646d000 	C:\Windows\SYSTEM32\POWRPROF.dll
0x00007ffd03280000 - 0x00007ffd03289000 	C:\Windows\SYSTEM32\WSOCK32.dll
0x00007ffd074c0000 - 0x00007ffd07531000 	C:\Windows\System32\WS2_32.dll
0x00007ffcf3dc0000 - 0x00007ffcf3df4000 	C:\Windows\SYSTEM32\WINMM.dll
0x00007ffd00370000 - 0x00007ffd0037a000 	C:\Windows\SYSTEM32\VERSION.dll
0x00007ffd06350000 - 0x00007ffd06363000 	C:\Windows\SYSTEM32\UMPDC.dll
0x00007ffd05590000 - 0x00007ffd055a8000 	C:\Windows\SYSTEM32\kernel.appcore.dll
0x00007ffcf4e90000 - 0x00007ffcf4e9a000 	C:\Users\goodee\.p2\pool\plugins\org.eclipse.justj.openjdk.hotspot.jre.full.win32.x86_64_17.0.10.v20240120-1143\jre\bin\jimage.dll
0x00007ffce7970000 - 0x00007ffce7ba2000 	C:\Windows\SYSTEM32\DBGHELP.DLL
0x00007ffd08d60000 - 0x00007ffd090e8000 	C:\Windows\System32\combase.dll
0x00007ffd08b20000 - 0x00007ffd08bf7000 	C:\Windows\System32\OLEAUT32.dll
0x00007ffce7930000 - 0x00007ffce7962000 	C:\Windows\SYSTEM32\dbgcore.DLL
0x00007ffd06960000 - 0x00007ffd069db000 	C:\Windows\System32\bcryptPrimitives.dll
0x00007ffccf5e0000 - 0x00007ffccf605000 	C:\Users\goodee\.p2\pool\plugins\org.eclipse.justj.openjdk.hotspot.jre.full.win32.x86_64_17.0.10.v20240120-1143\jre\bin\java.dll

dbghelp: loaded successfully - version: 4.0.5 - missing functions: none
symbol engine: initialized successfully - sym options: 0x614 - pdb path: .;C:\Users\goodee\.p2\pool\plugins\org.eclipse.justj.openjdk.hotspot.jre.full.win32.x86_64_17.0.10.v20240120-1143\jre\bin;C:\Windows\SYSTEM32;C:\Windows\WinSxS\amd64_microsoft.windows.common-controls_6595b64144ccf1df_6.0.22621.3672_none_2713b9d173822955;C:\Users\goodee\.p2\pool\plugins\org.eclipse.justj.openjdk.hotspot.jre.full.win32.x86_64_17.0.10.v20240120-1143\jre\bin\server

VM Arguments:
jvm_args: -Dcom.sun.management.jmxremote -Dcom.sun.management.jmxremote.port=65046 -Dcom.sun.management.jmxremote.authenticate=false -Dcom.sun.management.jmxremote.ssl=false -Djava.rmi.server.hostname=localhost -Dspring.jmx.enabled=true -Dmanagement.endpoints.jmx.exposure.include=* -Dspring.application.admin.enabled=true -XX:TieredStopAtLevel=1 -Dspring.boot.project.name=group_ware -Dfile.encoding=UTF-8 -Dstdout.encoding=UTF-8 -Dstderr.encoding=UTF-8 -XX:+ShowCodeDetailsInExceptionMessages 
java_command: com.ware.spring.GroupWareApplication --spring.output.ansi.enabled=always
java_class_path (initial): C:\jsp_study\group_ware\bin\main;C:\Users\goodee\.gradle\caches\modules-2\files-2.1\org.springframework.boot\spring-boot-configuration-processor\3.3.2\865979850b50f57caf2a9b144b8741970a017543\spring-boot-configuration-processor-3.3.2.jar;C:\Users\goodee\.gradle\caches\modules-2\files-2.1\org.projectlombok\lombok\1.18.34\ec547ef414ab1d2c040118fb9c1c265ada63af14\lombok-1.18.34.jar;C:\Users\goodee\.gradle\caches\modules-2\files-2.1\org.springframework.boot\spring-boot-starter-thymeleaf\3.3.2\cdcc62e2bb84c080a474281cf09c28cdfd423955\spring-boot-starter-thymeleaf-3.3.2.jar;C:\Users\goodee\.gradle\caches\modules-2\files-2.1\org.springframework.boot\spring-boot-starter-web\3.3.2\720418538668a8742d0ae24097811d5250cf5c32\spring-boot-starter-web-3.3.2.jar;C:\Users\goodee\.gradle\caches\modules-2\files-2.1\nz.net.ultraq.thymeleaf\thymeleaf-layout-dialect\3.3.0\275da01788302e514c0549a4db5fa6b29ef84ba6\thymeleaf-layout-dialect-3.3.0.jar;C:\Users\goodee\.gradle\caches\modules-2\files-2.1\org.springframework.boot\spring-boot-starter-json\3.3.2\d8b8b73e7820092b4e41d730eeb968add7957c45\spring-boot-starter-json-3.3.2.jar;C:\Users\goodee\.gradle\caches\modules-2\files-2.1\org.springframework.boot\spring-boot-starter\3.3.2\f9377a223dab5c4afe7aead05bf6ac567cf565ab\spring-boot-starter-3.3.2.jar;C:\Users\goodee\.gradle\caches\modules-2\files-2.1\org.thymeleaf\thymeleaf-spring6\3.1.2.RELEASE\6030c7b4e260c41336f378e53da6e8531263f24b\thymeleaf-spring6-3.1.2.RELEASE.jar;C:\Users\goodee\.gradle\caches\modules-2\files-2.1\org.springframework.boot\spring-boot-starter-tomcat\3.3.2\37ccb53cd5207fffd7a6fc1b591687f8cb1350df\spring-boot-starter-tomcat-3.3.2.jar;C:\Users\goodee\.gradle\caches\modules-2\files-2.1\org.springframework\spring-webmvc\6.1.11\9ec4c2a5e28bf7b2d60e254e976940b12c8ba32a\spring-webmvc-6.1.11.jar;C:\Users\goodee\.gradle\caches\modules-2\files-2.1\org.springframework\spring-web\6.1.11\8910d08f15492273543d2c8032b2b895e08ed9e\spring-web-6.1.11.jar;C:\User
Launcher Type: SUN_STANDARD

[Global flags]
     intx CICompilerCount                          = 3                                         {product} {ergonomic}
     uint ConcGCThreads                            = 2                                         {product} {ergonomic}
     uint G1ConcRefinementThreads                  = 6                                         {product} {ergonomic}
   size_t G1HeapRegionSize                         = 2097152                                   {product} {ergonomic}
    uintx GCDrainStackTargetSize                   = 64                                        {product} {ergonomic}
   size_t InitialHeapSize                          = 266338304                                 {product} {ergonomic}
     bool ManagementServer                         = true                                      {product} {command line}
   size_t MarkStackSize                            = 4194304                                   {product} {ergonomic}
   size_t MaxHeapSize                              = 4253024256                                {product} {ergonomic}
   size_t MinHeapDeltaBytes                        = 2097152                                   {product} {ergonomic}
   size_t MinHeapSize                              = 8388608                                   {product} {ergonomic}
    uintx NonProfiledCodeHeapSize                  = 0                                      {pd product} {ergonomic}
     bool ProfileInterpreter                       = false                                  {pd product} {command line}
    uintx ProfiledCodeHeapSize                     = 0                                      {pd product} {ergonomic}
     bool ShowCodeDetailsInExceptionMessages       = true                                   {manageable} {command line}
   size_t SoftMaxHeapSize                          = 4253024256                             {manageable} {ergonomic}
     intx TieredStopAtLevel                        = 1                                         {product} {command line}
     bool UseCompressedClassPointers               = true                           {product lp64_product} {ergonomic}
     bool UseCompressedOops                        = true                           {product lp64_product} {ergonomic}
     bool UseG1GC                                  = true                                      {product} {ergonomic}
     bool UseLargePagesIndividualAllocation        = false                                  {pd product} {ergonomic}

Logging:
Log output configuration:
 #0: stdout all=warning uptime,level,tags
 #1: stderr all=off uptime,level,tags

Environment Variables:
PATH=C:/Users/goodee/.p2/pool/plugins/org.eclipse.justj.openjdk.hotspot.jre.full.win32.x86_64_17.0.10.v20240120-1143/jre/bin/server;C:/Users/goodee/.p2/pool/plugins/org.eclipse.justj.openjdk.hotspot.jre.full.win32.x86_64_17.0.10.v20240120-1143/jre/bin;C:\Program Files\Eclipse Adoptium\jdk-17.0.10.7-hotspot\bin;C:\Windows\system32;C:\Windows;C:\Windows\System32\Wbem;C:\Windows\System32\WindowsPowerShell\v1.0\;C:\Windows\System32\OpenSSH\;C:\Program Files\Bandizip\;C:\Program Files\Git\cmd;C:\jsp_study\program\apache-maven-3.9.8\bin;C:\Users\goodee\AppData\Local\Microsoft\WindowsApps;C:\Users\goodee\AppData\Local\Programs\Microsoft VS Code\bin;C:\ProgramData\goodee\GitHubDesktop\bin;C:\Users\goodee\Desktop;
USERNAME=goodee
OS=Windows_NT
PROCESSOR_IDENTIFIER=Intel64 Family 6 Model 158 Stepping 10, GenuineIntel
TMP=C:\Users\goodee\AppData\Local\Temp
TEMP=C:\Users\goodee\AppData\Local\Temp



Periodic native trim disabled


---------------  S Y S T E M  ---------------

OS:
 Windows 11 , 64 bit Build 22621 (10.0.22621.3672)
OS uptime: 28 days 4:45 hours

CPU: total 6 (initial active 6) (6 cores per cpu, 1 threads per core) family 6 model 158 stepping 10 microcode 0xf0, cx8, cmov, fxsr, mmx, 3dnowpref, sse, sse2, sse3, ssse3, sse4.1, sse4.2, popcnt, lzcnt, tsc, tscinvbit, avx, avx2, aes, erms, clmul, bmi1, bmi2, rtm, adx, fma, vzeroupper, clflush, clflushopt
Processor Information for all 6 processors :
  Max Mhz: 3000, Current Mhz: 3000, Mhz Limit: 3000

Memory: 4k page, system-wide physical 16222M (5017M free)
TotalPageFile size 65374M (AvailPageFile size 225M)
current process WorkingSet (physical memory assigned to process): 11M, peak: 11M
current process commit charge ("private bytes"): 51M, peak: 305M

vm_info: OpenJDK 64-Bit Server VM (17.0.10+7) for windows-amd64 JRE (17.0.10+7), built on Jan 16 2024 23:25:11 by "admin" with MS VC++ 16.10 / 16.11 (VS2019)

END.
