2024-10-01 16:44:06 [background-preinit] INFO  o.h.validator.internal.util.Version - HV000001: Hibernate Validator 8.0.1.Final
2024-10-01 16:44:06 [restartedMain] INFO  c.ware.spring.GroupWareApplication - Starting GroupWareApplication using Java 22.0.2 with PID 1340 (C:\jsp-study\workspace\group_ware\bin\main started by allen in C:\jsp-study\workspace\group_ware)
2024-10-01 16:44:06 [restartedMain] DEBUG c.ware.spring.GroupWareApplication - Running with Spring Boot v3.3.2, Spring v6.1.11
2024-10-01 16:44:06 [restartedMain] INFO  c.ware.spring.GroupWareApplication - No active profile set, falling back to 1 default profile: "default"
2024-10-01 16:44:06 [restartedMain] INFO  o.s.b.d.e.DevToolsPropertyDefaultsPostProcessor - Devtools property defaults active! Set 'spring.devtools.add-properties' to 'false' to disable
2024-10-01 16:44:06 [restartedMain] INFO  o.s.b.d.e.DevToolsPropertyDefaultsPostProcessor - For additional web related logging consider setting the 'logging.level.web' property to 'DEBUG'
2024-10-01 16:44:08 [restartedMain] INFO  o.s.d.r.c.RepositoryConfigurationDelegate - Bootstrapping Spring Data JPA repositories in DEFAULT mode.
2024-10-01 16:44:08 [restartedMain] INFO  o.s.d.r.c.RepositoryConfigurationDelegate - Finished Spring Data repository scanning in 59 ms. Found 20 JPA repository interfaces.
2024-10-01 16:44:09 [restartedMain] INFO  o.s.b.w.e.tomcat.TomcatWebServer - Tomcat initialized with port 8095 (http)
2024-10-01 16:44:09 [restartedMain] INFO  o.a.coyote.http11.Http11NioProtocol - Initializing ProtocolHandler ["http-nio-8095"]
2024-10-01 16:44:09 [restartedMain] INFO  o.a.catalina.core.StandardService - Starting service [Tomcat]
2024-10-01 16:44:09 [restartedMain] INFO  o.a.catalina.core.StandardEngine - Starting Servlet engine: [Apache Tomcat/10.1.26]
2024-10-01 16:44:09 [restartedMain] INFO  o.a.c.c.C.[Tomcat].[localhost].[/] - Initializing Spring embedded WebApplicationContext
2024-10-01 16:44:09 [restartedMain] INFO  o.s.b.w.s.c.ServletWebServerApplicationContext - Root WebApplicationContext: initialization completed in 2952 ms
2024-10-01 16:44:09 [restartedMain] WARN  o.a.c.c.C.[Tomcat].[localhost].[/] - Cannot deserialize session attribute [SPRING_SECURITY_CONTEXT] for session [27ABA0E9C11B7FB8A4FDFA9A7BB5F517]
2024-10-01 16:44:09 [restartedMain] INFO  com.zaxxer.hikari.HikariDataSource - HikariPool-1 - Starting...
2024-10-01 16:44:09 [restartedMain] INFO  com.zaxxer.hikari.pool.HikariPool - HikariPool-1 - Added connection org.mariadb.jdbc.Connection@c38b694
2024-10-01 16:44:09 [restartedMain] INFO  com.zaxxer.hikari.HikariDataSource - HikariPool-1 - Start completed.
2024-10-01 16:44:09 [restartedMain] INFO  o.h.jpa.internal.util.LogHelper - HHH000204: Processing PersistenceUnitInfo [name: default]
2024-10-01 16:44:09 [restartedMain] INFO  org.hibernate.Version - HHH000412: Hibernate ORM core version 6.5.2.Final
2024-10-01 16:44:09 [restartedMain] INFO  o.h.c.i.RegionFactoryInitiator - HHH000026: Second-level cache disabled
2024-10-01 16:44:09 [restartedMain] INFO  o.s.o.j.p.SpringPersistenceUnitInfo - No LoadTimeWeaver setup: ignoring JPA class transformer
2024-10-01 16:44:10 [restartedMain] INFO  o.h.e.t.j.p.i.JtaPlatformInitiator - HHH000489: No JTA platform available (set 'hibernate.transaction.jta.platform' to enable JTA platform integration)
2024-10-01 16:44:10 [restartedMain] INFO  o.s.o.j.LocalContainerEntityManagerFactoryBean - Initialized JPA EntityManagerFactory for persistence unit 'default'
2024-10-01 16:44:11 [restartedMain] INFO  o.s.d.j.r.query.QueryEnhancerFactory - Hibernate is in classpath; If applicable, HQL parser will be used.
2024-10-01 16:44:11 [restartedMain] WARN  o.s.b.a.o.j.JpaBaseConfiguration$JpaWebConfiguration - spring.jpa.open-in-view is enabled by default. Therefore, database queries may be performed during view rendering. Explicitly configure spring.jpa.open-in-view to disable this warning
2024-10-01 16:44:11 [restartedMain] INFO  o.s.s.c.a.a.c.InitializeUserDetailsBeanManagerConfigurer$InitializeUserDetailsManagerConfigurer - Global AuthenticationManager configured with UserDetailsService bean with name SecurityService
2024-10-01 16:44:12 [restartedMain] INFO  o.s.b.d.a.OptionalLiveReloadServer - LiveReload server is running on port 35729
2024-10-01 16:44:12 [restartedMain] INFO  o.a.coyote.http11.Http11NioProtocol - Starting ProtocolHandler ["http-nio-8095"]
2024-10-01 16:44:12 [restartedMain] INFO  o.s.b.w.e.tomcat.TomcatWebServer - Tomcat started on port 8095 (http) with context path '/'
2024-10-01 16:44:12 [restartedMain] INFO  c.ware.spring.GroupWareApplication - Started GroupWareApplication in 6.711 seconds (process running for 7.473)
2024-10-01 16:44:17 [http-nio-8095-exec-2] INFO  o.a.c.c.C.[Tomcat].[localhost].[/] - Initializing Spring DispatcherServlet 'dispatcherServlet'
2024-10-01 16:44:17 [http-nio-8095-exec-2] INFO  o.s.web.servlet.DispatcherServlet - Initializing Servlet 'dispatcherServlet'
2024-10-01 16:44:17 [http-nio-8095-exec-2] INFO  o.s.web.servlet.DispatcherServlet - Completed initialization in 0 ms
2024-10-01 16:44:27 [http-nio-8095-exec-9] DEBUG com.ware.spring.HomeController - 2단계 : 오류 찾기
2024-10-01 16:44:27 [http-nio-8095-exec-9] INFO  com.ware.spring.HomeController - 프로그램 시작
2024-10-01 16:44:27 [http-nio-8095-exec-9] WARN  com.ware.spring.HomeController - 4단계 : 경고
2024-10-01 16:44:27 [http-nio-8095-exec-9] ERROR com.ware.spring.HomeController - 5단계 : 오류 발생
2024-10-01 17:56:37 [RMI TCP Connection(77)-127.0.0.1] INFO  o.s.b.a.SpringApplicationAdminMXBeanRegistrar$SpringApplicationAdmin - Application shutdown requested.
2024-10-01 17:56:37 [RMI TCP Connection(77)-127.0.0.1] INFO  o.a.coyote.http11.Http11NioProtocol - Stopping ProtocolHandler ["http-nio-8095"]
2024-10-01 17:56:37 [RMI TCP Connection(77)-127.0.0.1] INFO  o.s.o.j.LocalContainerEntityManagerFactoryBean - Closing JPA EntityManagerFactory for persistence unit 'default'
2024-10-01 17:56:37 [RMI TCP Connection(77)-127.0.0.1] INFO  com.zaxxer.hikari.HikariDataSource - HikariPool-1 - Shutdown initiated...
2024-10-01 17:56:37 [RMI TCP Connection(77)-127.0.0.1] INFO  com.zaxxer.hikari.HikariDataSource - HikariPool-1 - Shutdown completed.
